*****************************************************************************
ParFlow Output Log
	Version        : v3.3.1-26-g7062355
	Compiled on    : Mar 11 2019 15:05:42
*****************************************************************************
==============================================
BEGIN Log Info (SolverRichards)

Transient Problem Solved.
-------------------------

Total Timesteps: 20

-------------------------
Sequence #       Time         \Delta t         Dumpfile #   Recompute?
----------   ------------   ------------ -     ----------   ----------
  000000     0.000000e+00   0.000000e+00 i       000000          n
  000001     1.000000e+00   1.000000e+00 p       000001          y
  000002     2.000000e+00   1.000000e+00 p       000002          y
  000003     3.000000e+00   1.000000e+00 p       000003          y
  000004     4.000000e+00   1.000000e+00 p       000004          y
  000005     5.000000e+00   1.000000e+00 p       000005          y
  000006     6.000000e+00   1.000000e+00 p       000006          y
  000007     7.000000e+00   1.000000e+00 p       000007          y
  000008     8.000000e+00   1.000000e+00 p       000008          y
  000009     9.000000e+00   1.000000e+00 p       000009          y
  000010     1.000000e+01   1.000000e+00 p       000010          y
  000011     1.100000e+01   1.000000e+00 p       000011          y
  000012     1.200000e+01   1.000000e+00 p       000012          y
  000013     1.300000e+01   1.000000e+00 p       000013          y
  000014     1.400000e+01   1.000000e+00 p       000014          y
  000015     1.500000e+01   1.000000e+00 p       000015          y
  000016     1.600000e+01   1.000000e+00 p       000016          y
  000017     1.700000e+01   1.000000e+00 p       000017          y
  000018     1.800000e+01   1.000000e+00 p       000018          y
  000019     1.900000e+01   1.000000e+00 p       000019          y
  000020     2.000000e+01   1.000000e+00 f       000020          y

Overland flow Results
  000000     0.000000e+00   0.000000e+00
  000001     1.000000e+00   1.000000e+00
  000002     2.000000e+00   1.000000e+00
  000003     3.000000e+00   1.000000e+00
  000004     4.000000e+00   1.000000e+00
  000005     5.000000e+00   1.000000e+00
  000006     6.000000e+00   1.000000e+00
  000007     7.000000e+00   1.000000e+00
  000008     8.000000e+00   1.000000e+00
  000009     9.000000e+00   1.000000e+00
  000010     1.000000e+01   1.000000e+00
  000011     1.100000e+01   1.000000e+00
  000012     1.200000e+01   1.000000e+00
  000013     1.300000e+01   1.000000e+00
  000014     1.400000e+01   1.000000e+00
  000015     1.500000e+01   1.000000e+00
  000016     1.600000e+01   1.000000e+00
  000017     1.700000e+01   1.000000e+00
  000018     1.800000e+01   1.000000e+00
  000019     1.900000e+01   1.000000e+00
  000020     2.000000e+01   1.000000e+00

END Log Info
==============================================
==============================================
BEGIN Log Info (Globals)

Run Name: slopes_only
Logging Level = 1
Num processes = 1
Process grid = (1,1,1)

END Log Info
==============================================
==============================================
BEGIN Log Info (ParFlow Total Time)

Total Run Time: 1.335300 seconds

Maximum memory used on processor 0 : 5 MB


BEGIN(Contents of /proc/14190/status)
Name:	parflow
Umask:	0022
State:	R (running)
Tgid:	14190
Ngid:	0
Pid:	14190
PPid:	14185
TracerPid:	0
Uid:	1001	1001	1001	1001
Gid:	1001	1001	1001	1001
FDSize:	64
Groups:	27 1001 
NStgid:	14190
NSpid:	14190
NSpgid:	14190
NSsid:	9721
VmPeak:	  316172 kB
VmSize:	  311000 kB
VmLck:	       0 kB
VmPin:	       0 kB
VmHWM:	   17180 kB
VmRSS:	   16524 kB
RssAnon:	    5356 kB
RssFile:	   11168 kB
RssShmem:	       0 kB
VmData:	   22732 kB
VmStk:	     804 kB
VmExe:	    3460 kB
VmLib:	   11760 kB
VmPTE:	     372 kB
VmSwap:	       0 kB
HugetlbPages:	       0 kB
CoreDumping:	0
Threads:	3
SigQ:	0/256016
SigPnd:	0000000000000000
ShdPnd:	0000000000000000
SigBlk:	0000000000000000
SigIgn:	0000000000000000
SigCgt:	00000001800004e0
CapInh:	0000000000000000
CapPrm:	0000000000000000
CapEff:	0000000000000000
CapBnd:	0000003fffffffff
CapAmb:	0000000000000000
NoNewPrivs:	0
Seccomp:	0
Speculation_Store_Bypass:	thread vulnerable
Cpus_allowed:	0101
Cpus_allowed_list:	0,8
Mems_allowed:	00000000,00000000,00000000,00000000,00000000,00000000,00000000,00000000,00000000,00000000,00000000,00000000,00000000,00000000,00000000,00000000,00000000,00000000,00000000,00000000,00000000,00000000,00000000,00000000,00000000,00000000,00000000,00000000,00000000,00000000,00000000,00000001
Mems_allowed_list:	0
voluntary_ctxt_switches:	297
nonvoluntary_ctxt_switches:	0


END(Contents of /proc/14190/status)

Memory in use : 3 MB in 233 allocs, 3 MB reserved ( 2 unused)


END Log Info
==============================================
